<?xml version="1.0" encoding="UTF-8"?>
<robot generator="Robot 5.0 (Python 3.10.4 on win32)" generated="20220513 13:41:39.204" rpa="false" schemaversion="3">
<suite id="s1" name="MobileAutomation" source="C:\Users\Desktop\Documents\MobileAutomation">
<suite id="s1-s1" name="Test" source="C:\Users\Desktop\Documents\MobileAutomation\Test">
<suite id="s1-s1-s1" name="PPELotussAppLoyaltyRegistrationLogin" source="C:\Users\Desktop\Documents\MobileAutomation\Test\PPELotussAppLoyaltyRegistrationLogin.robot">
<test id="s1-s1-s1-t1" name="PPELoyaltyUserRegistration" line="7">
<kw name="Open PPE Application" library="PPEKeywords">
<kw name="Open Application" library="AppiumLibrary">
<arg>${remote_url}</arg>
<arg>platformName=${platform}</arg>
<arg>deviceName=${Device}</arg>
<arg>appPackage=${appPackage}</arg>
<arg>appActivity=${appActivity}</arg>
<arg>automationName=${automationName}</arg>
<doc>Opens a new application to given Appium server.
Capabilities of appium server, Android and iOS,
Please check https://github.com/appium/appium/blob/master/docs/en/writing-running-appium/server-args.md
| *Option*            | *Man.* | *Description*     |
| remote_url          | Yes    | Appium server url |
| alias               | no     | alias             |</doc>
<status status="PASS" starttime="20220513 13:41:39.454" endtime="20220513 13:41:52.454"/>
</kw>
<status status="PASS" starttime="20220513 13:41:39.454" endtime="20220513 13:41:52.454"/>
</kw>
<kw name="Click On Login/Register Button" library="PPEKeywords">
<kw name="Wait Until Page Contains Element" library="AppiumLibrary">
<arg>${Home_page.LoginLink}</arg>
<arg>20</arg>
<doc>Waits until element specified with `locator` appears on current page.</doc>
<status status="PASS" starttime="20220513 13:41:52.455" endtime="20220513 13:41:53.701"/>
</kw>
<kw name="Click Element" library="AppiumLibrary">
<arg>${Home_page.LoginLink}</arg>
<doc>Click element identified by `locator`.</doc>
<msg timestamp="20220513 13:41:53.703" level="INFO">Clicking element 'id=com.lotuss.oneapp:id/tv_title'.</msg>
<status status="PASS" starttime="20220513 13:41:53.701" endtime="20220513 13:41:55.490"/>
</kw>
<status status="PASS" starttime="20220513 13:41:52.455" endtime="20220513 13:41:55.490"/>
</kw>
<kw name="Click in Register Link" library="PPEKeywords">
<kw name="Click Element" library="AppiumLibrary">
<arg>${Login_page.RegisterLink}</arg>
<doc>Click element identified by `locator`.</doc>
<msg timestamp="20220513 13:41:55.493" level="INFO">Clicking element 'id=com.lotuss.oneapp:id/text_view_register'.</msg>
<status status="PASS" starttime="20220513 13:41:55.491" endtime="20220513 13:41:56.472"/>
</kw>
<kw name="Enter UserName" library="PPEKeywords">
<kw name="Input Text" library="AppiumLibrary">
<arg>${Login_page.UserName}</arg>
<arg>${MobileNo}</arg>
<doc>Types the given `text` into text field identified by `locator`.</doc>
<msg timestamp="20220513 13:41:56.475" level="INFO">Typing text '0523800021' into text field 'xpath=//android.widget.EditText[@text='Mobile Number']'</msg>
<status status="PASS" starttime="20220513 13:41:56.473" endtime="20220513 13:41:58.223"/>
</kw>
<status status="PASS" starttime="20220513 13:41:56.472" endtime="20220513 13:41:58.223"/>
</kw>
<status status="PASS" starttime="20220513 13:41:55.490" endtime="20220513 13:41:58.223"/>
</kw>
<status status="PASS" starttime="20220513 13:41:39.454" endtime="20220513 13:41:58.223"/>
</test>
<status status="PASS" starttime="20220513 13:41:39.228" endtime="20220513 13:41:58.224"/>
</suite>
<status status="PASS" starttime="20220513 13:41:39.227" endtime="20220513 13:41:58.224"/>
</suite>
<status status="PASS" starttime="20220513 13:41:39.206" endtime="20220513 13:41:58.225"/>
</suite>
<statistics>
<total>
<stat pass="1" fail="0" skip="0">All Tests</stat>
</total>
<tag>
</tag>
<suite>
<stat pass="1" fail="0" skip="0" id="s1" name="MobileAutomation">MobileAutomation</stat>
<stat pass="1" fail="0" skip="0" id="s1-s1" name="Test">MobileAutomation.Test</stat>
<stat pass="1" fail="0" skip="0" id="s1-s1-s1" name="PPELotussAppLoyaltyRegistrationLogin">MobileAutomation.Test.PPELotussAppLoyaltyRegistrationLogin</stat>
</suite>
</statistics>
<errors>
</errors>
</robot>
